<?xml version="1.0" encoding="UTF-8" ?>
<testsuite tests="1" failures="0" name="opdracht1.opdracht1" time="0.824" errors="1" skipped="0">
  <properties>
[...]
</properties>
  <testcase classname="opdracht1.opdracht1" name="Test1" time="0.785">
    <error message="Object: bank.domain.Account@109a2025 is not a known entity type." type="java.lang.IllegalArgumentException">java.lang.IllegalArgumentException: Object: bank.domain.Account@109a2025 is not a known entity type.
	at org.eclipse.persistence.internal.sessions.UnitOfWorkImpl.registerNewObjectForPersist(UnitOfWorkImpl.java:4228)
	at org.eclipse.persistence.internal.jpa.EntityManagerImpl.persist(EntityManagerImpl.java:496)
	at opdracht1.opdracht1.Test1(opdracht1.java:51)
	at sun.reflect.NativeMethodAccessorImpl.invoke0(Native Method)
	at sun.reflect.NativeMethodAccessorImpl.invoke(NativeMethodAccessorImpl.java:62)
	at sun.reflect.DelegatingMethodAccessorImpl.invoke(DelegatingMethodAccessorImpl.java:43)
	at java.lang.reflect.Method.invoke(Method.java:498)
	at org.junit.runners.model.FrameworkMethod$1.runReflectiveCall(FrameworkMethod.java:50)
	at org.junit.internal.runners.model.ReflectiveCallable.run(ReflectiveCallable.java:12)
	at org.junit.runners.model.FrameworkMethod.invokeExplosively(FrameworkMethod.java:47)
	at org.junit.internal.runners.statements.InvokeMethod.evaluate(InvokeMethod.java:17)
	at org.junit.internal.runners.statements.RunBefores.evaluate(RunBefores.java:26)
	at org.junit.internal.runners.statements.RunAfters.evaluate(RunAfters.java:27)
	at org.junit.runners.ParentRunner.runLeaf(ParentRunner.java:325)
	at org.junit.runners.BlockJUnit4ClassRunner.runChild(BlockJUnit4ClassRunner.java:78)
	at org.junit.runners.BlockJUnit4ClassRunner.runChild(BlockJUnit4ClassRunner.java:57)
	at org.junit.runners.ParentRunner$3.run(ParentRunner.java:290)
	at org.junit.runners.ParentRunner$1.schedule(ParentRunner.java:71)
	at org.junit.runners.ParentRunner.runChildren(ParentRunner.java:288)
	at org.junit.runners.ParentRunner.access$000(ParentRunner.java:58)
	at org.junit.runners.ParentRunner$2.evaluate(ParentRunner.java:268)
	at org.junit.runners.ParentRunner.run(ParentRunner.java:363)
	at org.apache.maven.surefire.junit4.JUnit4TestSet.execute(JUnit4TestSet.java:53)
	at org.apache.maven.surefire.junit4.JUnit4Provider.executeTestSet(JUnit4Provider.java:123)
	at org.apache.maven.surefire.junit4.JUnit4Provider.invoke(JUnit4Provider.java:104)
	at sun.reflect.NativeMethodAccessorImpl.invoke0(Native Method)
	at sun.reflect.NativeMethodAccessorImpl.invoke(NativeMethodAccessorImpl.java:62)
	at sun.reflect.DelegatingMethodAccessorImpl.invoke(DelegatingMethodAccessorImpl.java:43)
	at java.lang.reflect.Method.invoke(Method.java:498)
	at org.apache.maven.surefire.util.ReflectionUtils.invokeMethodWithArray(ReflectionUtils.java:164)
	at org.apache.maven.surefire.booter.ProviderFactory$ProviderProxy.invoke(ProviderFactory.java:110)
	at org.apache.maven.surefire.booter.SurefireStarter.invokeProvider(SurefireStarter.java:175)
	at org.apache.maven.surefire.booter.SurefireStarter.runSuitesInProcessWhenForked(SurefireStarter.java:107)
	at org.apache.maven.surefire.booter.ForkedBooter.main(ForkedBooter.java:68)
</error>
    <system-out>[EL Info]: 2017-04-18 13:54:58.282--ServerSession(1955049794)--Thread(Thread[main,5,main])--EclipseLink, version: Eclipse Persistence Services - 2.5.2.v20140319-9ad6abd
[EL Fine]: connection: 2017-04-18 13:54:58.479--Thread(Thread[main,5,main])--Detected database platform: org.eclipse.persistence.platform.database.MySQLPlatform
[EL Config]: connection: 2017-04-18 13:54:58.486--ServerSession(1955049794)--Connection(1521132614)--Thread(Thread[main,5,main])--connecting(DatabaseLogin(
	platform=&gt;MySQLPlatform
	user name=&gt; &quot;SE42&quot;
	datasource URL=&gt; &quot;jdbc:mysql://localhost:3306/SE42&quot;
))
[EL Config]: connection: 2017-04-18 13:54:58.492--ServerSession(1955049794)--Connection(1564629011)--Thread(Thread[main,5,main])--Connected: jdbc:mysql://localhost:3306/SE42
	User: SE42@localhost
	Database: MySQL  Version: 5.7.15-log
	Driver: MySQL Connector Java  Version: mysql-connector-java-5.1.38 ( Revision: fe541c166cec739c74cc727c5da96c1028b4834a )
[EL Info]: connection: 2017-04-18 13:54:58.497--ServerSession(1955049794)--Thread(Thread[main,5,main])--file:/D:/Downloads 2.0/School/Jaar 2/P8/SE-42/SE42Bank/bank/target/classes/_bankPU login successful
[EL Warning]: metamodel: 2017-04-18 13:54:58.515--Thread(Thread[main,5,main])--The collection of metamodel types is empty. Model classes may not have been found during entity search for Java SE and some Java EE container managed persistence units.  Please verify that your entity classes are referenced in persistence.xml using either &lt;class&gt; elements or a global &lt;exclude-unlisted-classes&gt;false&lt;/exclude-unlisted-classes&gt; element
</system-out>
    <system-err>Tue Apr 18 13:54:58 CEST 2017 WARN: Establishing SSL connection without server&apos;s identity verification is not recommended. According to MySQL 5.5.45+, 5.6.26+ and 5.7.6+ requirements SSL connection must be established by default if explicit option isn&apos;t set. For compliance with existing applications not using SSL the verifyServerCertificate property is set to &apos;false&apos;. You need either to explicitly disable SSL by setting useSSL=false, or set useSSL=true and provide truststore for server certificate verification.
Tue Apr 18 13:54:58 CEST 2017 WARN: Establishing SSL connection without server&apos;s identity verification is not recommended. According to MySQL 5.5.45+, 5.6.26+ and 5.7.6+ requirements SSL connection must be established by default if explicit option isn&apos;t set. For compliance with existing applications not using SSL the verifyServerCertificate property is set to &apos;false&apos;. You need either to explicitly disable SSL by setting useSSL=false, or set useSSL=true and provide truststore for server certificate verification.
</system-err>
  </testcase>
</testsuite>